<?xml version="1.0" encoding="UTF-8" ?>
<testsuite failures="0" time="0.045" errors="0" skipped="0" tests="1" name="com.softwarepassion.activemq.AppTest">
  <properties>
    <property name="java.runtime.name" value="Java(TM) SE Runtime Environment"/>
    <property name="sun.boot.library.path" value="/usr/lib/jvm/java-6-sun-1.6.0.26/jre/lib/i386"/>
    <property name="java.vm.version" value="20.1-b02"/>
    <property name="java.vm.vendor" value="Sun Microsystems Inc."/>
    <property name="java.vendor.url" value="http://java.sun.com/"/>
    <property name="path.separator" value=":"/>
    <property name="java.vm.name" value="Java HotSpot(TM) Server VM"/>
    <property name="file.encoding.pkg" value="sun.io"/>
    <property name="user.country" value="US"/>
    <property name="sun.java.launcher" value="SUN_STANDARD"/>
    <property name="sun.os.patch.level" value="unknown"/>
    <property name="java.vm.specification.name" value="Java Virtual Machine Specification"/>
    <property name="user.dir" value="/home/kris/Documents/projects/servicemix_projects/activemq_tut/producer"/>
    <property name="java.runtime.version" value="1.6.0_26-b03"/>
    <property name="java.awt.graphicsenv" value="sun.awt.X11GraphicsEnvironment"/>
    <property name="basedir" value="/home/kris/Documents/projects/servicemix_projects/activemq_tut/producer"/>
    <property name="java.endorsed.dirs" value="/usr/lib/jvm/java-6-sun-1.6.0.26/jre/lib/endorsed"/>
    <property name="os.arch" value="i386"/>
    <property name="surefire.real.class.path" value="/tmp/surefirebooter1811559641676155453.jar"/>
    <property name="java.io.tmpdir" value="/tmp"/>
    <property name="line.separator" value="
"/>
    <property name="java.vm.specification.vendor" value="Sun Microsystems Inc."/>
    <property name="os.name" value="Linux"/>
    <property name="sun.jnu.encoding" value="UTF-8"/>
    <property name="java.library.path" value="/usr/lib/jvm/java-6-sun-1.6.0.26/jre/lib/i386/server:/usr/lib/jvm/java-6-sun-1.6.0.26/jre/lib/i386:/usr/lib/jvm/java-6-sun-1.6.0.26/jre/../lib/i386:/usr/java/packages/lib/i386:/lib:/usr/lib"/>
    <property name="surefire.test.class.path" value="/home/kris/Documents/projects/servicemix_projects/activemq_tut/producer/target/test-classes:/home/kris/Documents/projects/servicemix_projects/activemq_tut/producer/target/classes:/home/kris/.m2/repository/junit/junit/3.8.1/junit-3.8.1.jar:/home/kris/.m2/repository/javax/jms/jms/1.1/jms-1.1.jar:/home/kris/.m2/repository/org/apache/activemq/activemq-core/5.2.0/activemq-core-5.2.0.jar:/home/kris/.m2/repository/commons-logging/commons-logging-api/1.1/commons-logging-api-1.1.jar:/home/kris/.m2/repository/org/apache/camel/camel-core/1.5.0/camel-core-1.5.0.jar:/home/kris/.m2/repository/org/apache/geronimo/specs/geronimo-jms_1.1_spec/1.1.1/geronimo-jms_1.1_spec-1.1.1.jar:/home/kris/.m2/repository/org/apache/activemq/activeio-core/3.1.0/activeio-core-3.1.0.jar:/home/kris/.m2/repository/commons-logging/commons-logging/1.1/commons-logging-1.1.jar:/home/kris/.m2/repository/backport-util-concurrent/backport-util-concurrent/2.1/backport-util-concurrent-2.1.jar:/home/kris/.m2/repository/org/apache/geronimo/specs/geronimo-j2ee-management_1.0_spec/1.0/geronimo-j2ee-management_1.0_spec-1.0.jar:"/>
    <property name="java.specification.name" value="Java Platform API Specification"/>
    <property name="java.class.version" value="50.0"/>
    <property name="sun.management.compiler" value="HotSpot Tiered Compilers"/>
    <property name="os.version" value="3.0.0-13-generic-pae"/>
    <property name="user.home" value="/home/kris"/>
    <property name="user.timezone" value=""/>
    <property name="java.awt.printerjob" value="sun.print.PSPrinterJob"/>
    <property name="file.encoding" value="UTF-8"/>
    <property name="java.specification.version" value="1.6"/>
    <property name="user.name" value="kris"/>
    <property name="java.class.path" value="/home/kris/Documents/projects/servicemix_projects/activemq_tut/producer/target/test-classes:/home/kris/Documents/projects/servicemix_projects/activemq_tut/producer/target/classes:/home/kris/.m2/repository/junit/junit/3.8.1/junit-3.8.1.jar:/home/kris/.m2/repository/javax/jms/jms/1.1/jms-1.1.jar:/home/kris/.m2/repository/org/apache/activemq/activemq-core/5.2.0/activemq-core-5.2.0.jar:/home/kris/.m2/repository/commons-logging/commons-logging-api/1.1/commons-logging-api-1.1.jar:/home/kris/.m2/repository/org/apache/camel/camel-core/1.5.0/camel-core-1.5.0.jar:/home/kris/.m2/repository/org/apache/geronimo/specs/geronimo-jms_1.1_spec/1.1.1/geronimo-jms_1.1_spec-1.1.1.jar:/home/kris/.m2/repository/org/apache/activemq/activeio-core/3.1.0/activeio-core-3.1.0.jar:/home/kris/.m2/repository/commons-logging/commons-logging/1.1/commons-logging-1.1.jar:/home/kris/.m2/repository/backport-util-concurrent/backport-util-concurrent/2.1/backport-util-concurrent-2.1.jar:/home/kris/.m2/repository/org/apache/geronimo/specs/geronimo-j2ee-management_1.0_spec/1.0/geronimo-j2ee-management_1.0_spec-1.0.jar:"/>
    <property name="java.vm.specification.version" value="1.0"/>
    <property name="sun.arch.data.model" value="32"/>
    <property name="java.home" value="/usr/lib/jvm/java-6-sun-1.6.0.26/jre"/>
    <property name="sun.java.command" value="/tmp/surefirebooter1811559641676155453.jar /tmp/surefire8185381506822142828tmp /tmp/surefire7540809339828470020tmp"/>
    <property name="java.specification.vendor" value="Sun Microsystems Inc."/>
    <property name="user.language" value="en"/>
    <property name="java.vm.info" value="mixed mode"/>
    <property name="java.version" value="1.6.0_26"/>
    <property name="java.ext.dirs" value="/usr/lib/jvm/java-6-sun-1.6.0.26/jre/lib/ext:/usr/java/packages/lib/ext"/>
    <property name="sun.boot.class.path" value="/usr/lib/jvm/java-6-sun-1.6.0.26/jre/lib/resources.jar:/usr/lib/jvm/java-6-sun-1.6.0.26/jre/lib/rt.jar:/usr/lib/jvm/java-6-sun-1.6.0.26/jre/lib/sunrsasign.jar:/usr/lib/jvm/java-6-sun-1.6.0.26/jre/lib/jsse.jar:/usr/lib/jvm/java-6-sun-1.6.0.26/jre/lib/jce.jar:/usr/lib/jvm/java-6-sun-1.6.0.26/jre/lib/charsets.jar:/usr/lib/jvm/java-6-sun-1.6.0.26/jre/lib/modules/jdk.boot.jar:/usr/lib/jvm/java-6-sun-1.6.0.26/jre/classes"/>
    <property name="java.vendor" value="Sun Microsystems Inc."/>
    <property name="localRepository" value="/home/kris/.m2/repository"/>
    <property name="file.separator" value="/"/>
    <property name="java.vendor.url.bug" value="http://java.sun.com/cgi-bin/bugreport.cgi"/>
    <property name="sun.cpu.endian" value="little"/>
    <property name="sun.io.unicode.encoding" value="UnicodeLittle"/>
    <property name="sun.cpu.isalist" value=""/>
  </properties>
  <testcase time="0.02" classname="com.softwarepassion.activemq.AppTest" name="testApp"/>
</testsuite>